#
# There is insufficient memory for the Java Runtime Environment to continue.
# Native memory allocation (mmap) failed to map 40894464 bytes for Failed to commit area from 0x000000074c000000 to 0x000000074e700000 of length 40894464.
# Possible reasons:
#   The system is out of physical RAM or swap space
#   The process is running with CompressedOops enabled, and the Java Heap may be blocking the growth of the native heap
# Possible solutions:
#   Reduce memory load on the system
#   Increase physical memory or swap space
#   Check if swap backing store is full
#   Decrease Java heap size (-Xmx/-Xms)
#   Decrease number of Java threads
#   Decrease Java thread stack sizes (-Xss)
#   Set larger code cache with -XX:ReservedCodeCacheSize=
#   JVM is running with Zero Based Compressed Oops mode in which the Java heap is
#     placed in the first 32GB address space. The Java Heap base address is the
#     maximum limit for the native heap growth. Please use -XX:HeapBaseMinAddress
#     to set the Java Heap base and to place the Java Heap above 32GB virtual address.
# This output file may be truncated or incomplete.
#
#  Out of Memory Error (./src/hotspot/os/windows/os_windows.cpp:3311), pid=16340, tid=13296
#
# JRE version: OpenJDK Runtime Environment Corretto-11.0.12.7.1 (11.0.12+7) (build 11.0.12+7-LTS)
# Java VM: OpenJDK 64-Bit Server VM Corretto-11.0.12.7.1 (11.0.12+7-LTS, mixed mode, tiered, compressed oops, g1 gc, windows-amd64)
# No core dump will be written. Minidumps are not enabled by default on client versions of Windows
#

---------------  S U M M A R Y ------------

Command Line: -agentlib:jdwp=transport=dt_socket,address=127.0.0.1:54865,suspend=y,server=n -ea -javaagent:C:\Users\DrONE\.m2\repository/org/aspectj/aspectjweaver/1.9.4/aspectjweaver-1.9.4.jar -Didea.test.cyclic.buffer.size=1048576 -javaagent:C:\Users\DrONE\AppData\Local\JetBrains\IntelliJIdea2020.3\captureAgent\debugger-agent.jar -Dfile.encoding=UTF-8 com.intellij.rt.junit.JUnitStarter -ideVersion5 -junit5 ru.bellintegrator.Tests,laptopPO

Host: Intel(R) Core(TM) i7 CPU         960  @ 3.20GHz, 8 cores, 11G,  Windows 10 , 64 bit Build 19041 (10.0.19041.1202)
Time: Tue Sep 21 14:31:29 2021 RTZ 2 (зима) elapsed time: 23.279879 seconds (0d 0h 0m 23s)

---------------  T H R E A D  ---------------

Current thread (0x0000012a72b0b000):  VMThread "VM Thread" [stack: 0x000000106f600000,0x000000106f700000] [id=13296]

Stack: [0x000000106f600000,0x000000106f700000]
[error occurred during error reporting (printing stack bounds), id 0xc0000005, EXCEPTION_ACCESS_VIOLATION (0xc0000005) at pc=0x0000012a5934113d]

Native frames: (J=compiled Java code, j=interpreted, Vv=VM code, C=native code)
V  [jvm.dll+0x601d7a]
V  [jvm.dll+0x78b45e]
V  [jvm.dll+0x78cb2f]
V  [jvm.dll+0x78d155]
V  [jvm.dll+0x78d10b]
V  [jvm.dll+0x601263]
V  [jvm.dll+0x601978]
C  [ntdll.dll+0xa20cf]
C  [ntdll.dll+0x51454]
C  [ntdll.dll+0xa0bfe]
C  0x0000012a5934113d

VM_Operation (0x000000106f0fa260): G1CollectForAllocation, mode: safepoint, requested by thread 0x0000012a50c34000


---------------  P R O C E S S  ---------------

Threads class SMR info:
_java_thread_list=0x0000012a7bcb28e0, length=19, elements={
0x0000012a50c34000, 0x0000012a72b2e800, 0x0000012a72b39000, 0x0000012a72b8c000,
0x0000012a72b8e000, 0x0000012a72b93000, 0x0000012a72b9c800, 0x0000012a72ba1000,
0x0000012a72bb8800, 0x0000012a72bb4800, 0x0000012a72e86000, 0x0000012a72e86800,
0x0000012a72e4c000, 0x0000012a72bb5000, 0x0000012a72bb7000, 0x0000012a72bb7800,
0x0000012a72bb6000, 0x0000012a79270800, 0x0000012a79277000
}

Java Threads: ( => current thread )
  0x0000012a50c34000 JavaThread "Forwarding clickElement on session 8bb330f2a234b0d57726c1e8601fb879 to remote" [_thread_blocked, id=12148, stack(0x000000106f000000,0x000000106f100000)]
  0x0000012a72b2e800 JavaThread "Reference Handler" daemon [_thread_blocked, id=12160, stack(0x000000106f700000,0x000000106f800000)]
  0x0000012a72b39000 JavaThread "Finalizer" daemon [_thread_blocked, id=13616, stack(0x000000106f800000,0x000000106f900000)]
  0x0000012a72b8c000 JavaThread "Signal Dispatcher" daemon [_thread_blocked, id=12324, stack(0x000000106f900000,0x000000106fa00000)]
  0x0000012a72b8e000 JavaThread "Attach Listener" daemon [_thread_blocked, id=9852, stack(0x000000106fa00000,0x000000106fb00000)]
  0x0000012a72b93000 JavaThread "Service Thread" daemon [_thread_blocked, id=18536, stack(0x000000106fb00000,0x000000106fc00000)]
  0x0000012a72b9c800 JavaThread "C2 CompilerThread0" daemon [_thread_blocked, id=3828, stack(0x000000106fc00000,0x000000106fd00000)]
  0x0000012a72ba1000 JavaThread "C1 CompilerThread0" daemon [_thread_blocked, id=14376, stack(0x000000106fd00000,0x000000106fe00000)]
  0x0000012a72bb8800 JavaThread "Sweeper thread" daemon [_thread_blocked, id=2908, stack(0x000000106fe00000,0x000000106ff00000)]
  0x0000012a72bb4800 JavaThread "Common-Cleaner" daemon [_thread_blocked, id=11124, stack(0x000000106ff00000,0x0000001070000000)]
  0x0000012a72e86000 JavaThread "JDWP Transport Listener: dt_socket" daemon [_thread_blocked, id=14568, stack(0x0000001070100000,0x0000001070200000)]
  0x0000012a72e86800 JavaThread "JDWP Event Helper Thread" daemon [_thread_blocked, id=10224, stack(0x0000001070200000,0x0000001070300000)]
  0x0000012a72e4c000 JavaThread "JDWP Command Reader" daemon [_thread_in_native, id=17844, stack(0x0000001070300000,0x0000001070400000)]
  0x0000012a72bb5000 JavaThread "Exec Default Executor" daemon [_thread_in_native, id=7832, stack(0x0000001070a00000,0x0000001070b00000)]
  0x0000012a72bb7000 JavaThread "Exec Stream Pumper" daemon [_thread_in_native, id=12128, stack(0x0000001070b00000,0x0000001070c00000)]
  0x0000012a72bb7800 JavaThread "Exec Stream Pumper" daemon [_thread_in_native, id=12836, stack(0x0000001070c00000,0x0000001070d00000)]
  0x0000012a72bb6000 JavaThread "UrlChecker-2" daemon [_thread_blocked, id=19388, stack(0x0000001070d00000,0x0000001070e00000)]
  0x0000012a79270800 JavaThread "OkHttp ConnectionPool" daemon [_thread_blocked, id=1708, stack(0x0000001071000000,0x0000001071100000)]
  0x0000012a79277000 JavaThread "Okio Watchdog" daemon [_thread_blocked, id=19032, stack(0x0000001071100000,0x0000001071200000)]

Other Threads:
=>0x0000012a72b0b000 VMThread "VM Thread" [stack: 0x000000106f600000,0x000000106f700000] [id=13296]
  0x0000012a73b65000 WatcherThread [stack: 0x0000001070700000,0x0000001070800000] [id=4936]
  0x0000012a50c4e800 GCTaskThread "GC Thread#0" [stack: 0x000000106f100000,0x000000106f200000] [id=19000]
  0x0000012a73bdc000 GCTaskThread "GC Thread#1" [stack: 0x0000001070400000,0x0000001070500000] [id=9204]
  0x0000012a73aa6000 GCTaskThread "GC Thread#2" [stack: 0x0000001070500000,0x0000001070600000] [id=18296]
  0x0000012a73aa7000 GCTaskThread "GC Thread#3" [stack: 0x0000001070600000,0x0000001070700000] [id=5268]
  0x0000012a50c95800 ConcurrentGCThread "G1 Main Marker" [stack: 0x000000106f200000,0x000000106f300000] [id=12632]
  0x0000012a50c97800 ConcurrentGCThread "G1 Conc#0" [stack: 0x000000106f300000,0x000000106f400000] [id=10560]
  0x0000012a76b94800 ConcurrentGCThread "G1 Conc#1" [stack: 0x0000001070900000,0x0000001070a00000] [id=16420]
  0x0000012a7216d800 ConcurrentGCThread "G1 Refine#0" [stack: 0x000000106f400000,0x000000106f500000] [id=18804]
  0x0000012a7216e000 ConcurrentGCThread "G1 Young RemSet Sampling" [stack: 0x000000106f500000,0x000000106f600000] [id=15724]

Threads with active compile tasks:
C1 CompilerThread0  23296 3595       3       java.util.BitSet::get (69 bytes)

VM state:at safepoint (normal execution)

VM Mutex/Monitor currently owned by a thread:  ([mutex/lock_event])
[0x0000012a50c31540] Threads_lock - owner thread: 0x0000012a72b0b000
[0x0000012a50c31390] Heap_lock - owner thread: 0x0000012a50c34000

Heap address: 0x0000000740000000, size: 3072 MB, Compressed Oops mode: Zero based, Oop shift amount: 3
Narrow klass base: 0x0000000800000000, Narrow klass shift: 0
Compressed class space size: 1073741824 Address: 0x0000000800000000

Heap:
 garbage-first heap   total 236544K, used 30511K [0x0000000740000000, 0x0000000800000000)
  region size 1024K, 6 young (6144K), 6 survivors (6144K)
 Metaspace       used 31979K, capacity 32980K, committed 33200K, reserved 1079296K
  class space    used 3385K, capacity 3753K, committed 3840K, reserved 1048576K
Heap Regions: E=young(eden), S=young(survivor), O=old, HS=humongous(starts), HC=humongous(continues), CS=collection set, F=free, A=archive, TAMS=top-at-mark-start (previous, next)
|   0|0x0000000740000000, 0x0000000740100000, 0x0000000740100000|100%| O|  |TAMS 0x0000000740100000, 0x0000000740000000| Untracked 
|   1|0x0000000740100000, 0x0000000740200000, 0x0000000740200000|100%| O|  |TAMS 0x0000000740200000, 0x0000000740100000| Untracked 
|   2|0x0000000740200000, 0x0000000740300000, 0x0000000740300000|100%| O|  |TAMS 0x0000000740300000, 0x0000000740200000| Untracked 
|   3|0x0000000740300000, 0x0000000740400000, 0x0000000740400000|100%| O|  |TAMS 0x0000000740400000, 0x0000000740300000| Untracked 
|   4|0x0000000740400000, 0x0000000740500000, 0x0000000740500000|100%| O|  |TAMS 0x0000000740500000, 0x0000000740400000| Untracked 
|   5|0x0000000740500000, 0x0000000740600000, 0x0000000740600000|100%| O|  |TAMS 0x0000000740600000, 0x0000000740500000| Untracked 
|   6|0x0000000740600000, 0x0000000740700000, 0x0000000740700000|100%| O|  |TAMS 0x0000000740700000, 0x0000000740600000| Untracked 
|   7|0x0000000740700000, 0x0000000740800000, 0x0000000740800000|100%| O|  |TAMS 0x0000000740800000, 0x0000000740700000| Untracked 
|   8|0x0000000740800000, 0x0000000740900000, 0x0000000740900000|100%| O|  |TAMS 0x0000000740900000, 0x0000000740800000| Untracked 
|   9|0x0000000740900000, 0x0000000740a00000, 0x0000000740a00000|100%| O|  |TAMS 0x0000000740a00000, 0x0000000740900000| Untracked 
|  10|0x0000000740a00000, 0x0000000740b00000, 0x0000000740b00000|100%| O|  |TAMS 0x0000000740b00000, 0x0000000740a00000| Untracked 
|  11|0x0000000740b00000, 0x0000000740c00000, 0x0000000740c00000|100%| O|  |TAMS 0x0000000740c00000, 0x0000000740b00000| Untracked 
|  12|0x0000000740c00000, 0x0000000740d00000, 0x0000000740d00000|100%| O|  |TAMS 0x0000000740d00000, 0x0000000740c00000| Untracked 
|  13|0x0000000740d00000, 0x0000000740e00000, 0x0000000740e00000|100%| O|  |TAMS 0x0000000740e00000, 0x0000000740d00000| Untracked 
|  14|0x0000000740e00000, 0x0000000740f00000, 0x0000000740f00000|100%| O|  |TAMS 0x0000000740f00000, 0x0000000740e00000| Untracked 
|  15|0x0000000740f00000, 0x0000000741000000, 0x0000000741000000|100%| O|  |TAMS 0x0000000741000000, 0x0000000740f00000| Untracked 
|  16|0x0000000741000000, 0x0000000741100000, 0x0000000741100000|100%| O|  |TAMS 0x00000007410bc400, 0x0000000741000000| Untracked 
|  17|0x0000000741100000, 0x0000000741200000, 0x0000000741200000|100%| O|  |TAMS 0x0000000741100000, 0x0000000741100000| Untracked 
|  18|0x0000000741200000, 0x0000000741300000, 0x0000000741300000|100%| O|  |TAMS 0x0000000741200000, 0x0000000741200000| Untracked 
|  19|0x0000000741300000, 0x0000000741400000, 0x0000000741400000|100%| O|  |TAMS 0x0000000741300000, 0x0000000741300000| Untracked 
|  20|0x0000000741400000, 0x0000000741500000, 0x0000000741500000|100%| O|  |TAMS 0x0000000741400000, 0x0000000741400000| Untracked 
|  21|0x0000000741500000, 0x0000000741600000, 0x0000000741600000|100%| O|  |TAMS 0x0000000741500000, 0x0000000741500000| Untracked 
|  22|0x0000000741600000, 0x0000000741700000, 0x0000000741700000|100%| O|  |TAMS 0x0000000741600000, 0x0000000741600000| Untracked 
|  23|0x0000000741700000, 0x00000007417cbe00, 0x0000000741800000| 79%| O|  |TAMS 0x0000000741700000, 0x0000000741700000| Untracked 
|  24|0x0000000741800000, 0x0000000741800000, 0x0000000741900000|  0%| F|  |TAMS 0x0000000741800000, 0x0000000741800000| Untracked 
|  25|0x0000000741900000, 0x0000000741900000, 0x0000000741a00000|  0%| F|  |TAMS 0x0000000741900000, 0x0000000741900000| Untracked 
|  26|0x0000000741a00000, 0x0000000741a00000, 0x0000000741b00000|  0%| F|  |TAMS 0x0000000741a00000, 0x0000000741a00000| Untracked 
|  27|0x0000000741b00000, 0x0000000741b00000, 0x0000000741c00000|  0%| F|  |TAMS 0x0000000741b00000, 0x0000000741b00000| Untracked 
|  28|0x0000000741c00000, 0x0000000741c00000, 0x0000000741d00000|  0%| F|  |TAMS 0x0000000741c00000, 0x0000000741c00000| Untracked 
|  29|0x0000000741d00000, 0x0000000741d00000, 0x0000000741e00000|  0%| F|  |TAMS 0x0000000741d00000, 0x0000000741d00000| Untracked 
|  30|0x0000000741e00000, 0x0000000741e00000, 0x0000000741f00000|  0%| F|  |TAMS 0x0000000741e00000, 0x0000000741e00000| Untracked 
|  31|0x0000000741f00000, 0x0000000741f00000, 0x0000000742000000|  0%| F|  |TAMS 0x0000000741f00000, 0x0000000741f00000| Untracked 
|  32|0x0000000742000000, 0x0000000742000000, 0x0000000742100000|  0%| F|  |TAMS 0x0000000742000000, 0x0000000742000000| Untracked 
|  33|0x0000000742100000, 0x0000000742100000, 0x0000000742200000|  0%| F|  |TAMS 0x0000000742100000, 0x0000000742100000| Untracked 
|  34|0x0000000742200000, 0x0000000742200000, 0x0000000742300000|  0%| F|  |TAMS 0x0000000742200000, 0x0000000742200000| Untracked 
|  35|0x0000000742300000, 0x0000000742300000, 0x0000000742400000|  0%| F|  |TAMS 0x0000000742300000, 0x0000000742300000| Untracked 
|  36|0x0000000742400000, 0x0000000742400000, 0x0000000742500000|  0%| F|  |TAMS 0x0000000742400000, 0x0000000742400000| Untracked 
|  37|0x0000000742500000, 0x0000000742500000, 0x0000000742600000|  0%| F|  |TAMS 0x0000000742500000, 0x0000000742500000| Untracked 
|  38|0x0000000742600000, 0x0000000742600000, 0x0000000742700000|  0%| F|  |TAMS 0x0000000742600000, 0x0000000742600000| Untracked 
|  39|0x0000000742700000, 0x0000000742700000, 0x0000000742800000|  0%| F|  |TAMS 0x0000000742700000, 0x0000000742700000| Untracked 
|  40|0x0000000742800000, 0x0000000742800000, 0x0000000742900000|  0%| F|  |TAMS 0x0000000742800000, 0x0000000742800000| Untracked 
|  41|0x0000000742900000, 0x0000000742900000, 0x0000000742a00000|  0%| F|  |TAMS 0x0000000742900000, 0x0000000742900000| Untracked 
|  42|0x0000000742a00000, 0x0000000742a00000, 0x0000000742b00000|  0%| F|  |TAMS 0x0000000742a00000, 0x0000000742a00000| Untracked 
|  43|0x0000000742b00000, 0x0000000742b00000, 0x0000000742c00000|  0%| F|  |TAMS 0x0000000742b00000, 0x0000000742b00000| Untracked 
|  44|0x0000000742c00000, 0x0000000742c00000, 0x0000000742d00000|  0%| F|  |TAMS 0x0000000742c00000, 0x0000000742c00000| Untracked 
|  45|0x0000000742d00000, 0x0000000742d00000, 0x0000000742e00000|  0%| F|  |TAMS 0x0000000742d00000, 0x0000000742d00000| Untracked 
|  46|0x0000000742e00000, 0x0000000742e00000, 0x0000000742f00000|  0%| F|  |TAMS 0x0000000742e00000, 0x0000000742e00000| Untracked 
|  47|0x0000000742f00000, 0x0000000742f00000, 0x0000000743000000|  0%| F|  |TAMS 0x0000000742f00000, 0x0000000742f00000| Untracked 
|  48|0x0000000743000000, 0x0000000743000000, 0x0000000743100000|  0%| F|  |TAMS 0x0000000743000000, 0x0000000743000000| Untracked 
|  49|0x0000000743100000, 0x0000000743100000, 0x0000000743200000|  0%| F|  |TAMS 0x0000000743100000, 0x0000000743100000| Untracked 
|  50|0x0000000743200000, 0x0000000743200000, 0x0000000743300000|  0%| F|  |TAMS 0x0000000743200000, 0x0000000743200000| Untracked 
|  51|0x0000000743300000, 0x0000000743300000, 0x0000000743400000|  0%| F|  |TAMS 0x0000000743300000, 0x0000000743300000| Untracked 
|  52|0x0000000743400000, 0x0000000743400000, 0x0000000743500000|  0%| F|  |TAMS 0x0000000743400000, 0x0000000743400000| Untracked 
|  53|0x0000000743500000, 0x0000000743500000, 0x0000000743600000|  0%| F|  |TAMS 0x0000000743500000, 0x0000000743500000| Untracked 
|  54|0x0000000743600000, 0x0000000743600000, 0x0000000743700000|  0%| F|  |TAMS 0x0000000743600000, 0x0000000743600000| Untracked 
|  55|0x0000000743700000, 0x0000000743700000, 0x0000000743800000|  0%| F|  |TAMS 0x0000000743700000, 0x0000000743700000| Untracked 
|  56|0x0000000743800000, 0x0000000743800000, 0x0000000743900000|  0%| F|  |TAMS 0x0000000743800000, 0x0000000743800000| Untracked 
|  57|0x0000000743900000, 0x0000000743900000, 0x0000000743a00000|  0%| F|  |TAMS 0x0000000743900000, 0x0000000743900000| Untracked 
|  58|0x0000000743a00000, 0x0000000743a00000, 0x0000000743b00000|  0%| F|  |TAMS 0x0000000743a00000, 0x0000000743a00000| Untracked 
|  59|0x0000000743b00000, 0x0000000743b00000, 0x0000000743c00000|  0%| F|  |TAMS 0x0000000743b00000, 0x0000000743b00000| Untracked 
|  60|0x0000000743c00000, 0x0000000743c00000, 0x0000000743d00000|  0%| F|  |TAMS 0x0000000743c00000, 0x0000000743c00000| Untracked 
|  61|0x0000000743d00000, 0x0000000743d00000, 0x0000000743e00000|  0%| F|  |TAMS 0x0000000743d00000, 0x0000000743d00000| Untracked 
|  62|0x0000000743e00000, 0x0000000743e00000, 0x0000000743f00000|  0%| F|  |TAMS 0x0000000743e00000, 0x0000000743e00000| Untracked 
|  63|0x0000000743f00000, 0x0000000743f00000, 0x0000000744000000|  0%| F|  |TAMS 0x0000000743f00000, 0x0000000743f00000| Untracked 
|  64|0x0000000744000000, 0x0000000744000000, 0x0000000744100000|  0%| F|  |TAMS 0x0000000744000000, 0x0000000744000000| Untracked 
|  65|0x0000000744100000, 0x0000000744100000, 0x0000000744200000|  0%| F|  |TAMS 0x0000000744100000, 0x0000000744100000| Untracked 
|  66|0x0000000744200000, 0x0000000744200000, 0x0000000744300000|  0%| F|  |TAMS 0x0000000744200000, 0x0000000744200000| Untracked 
|  67|0x0000000744300000, 0x0000000744300000, 0x0000000744400000|  0%| F|  |TAMS 0x0000000744300000, 0x0000000744300000| Untracked 
|  68|0x0000000744400000, 0x0000000744400000, 0x0000000744500000|  0%| F|  |TAMS 0x0000000744400000, 0x0000000744400000| Untracked 
|  69|0x0000000744500000, 0x0000000744500000, 0x0000000744600000|  0%| F|  |TAMS 0x0000000744500000, 0x0000000744500000| Untracked 
|  70|0x0000000744600000, 0x0000000744600000, 0x0000000744700000|  0%| F|  |TAMS 0x0000000744600000, 0x0000000744600000| Untracked 
|  71|0x0000000744700000, 0x0000000744700000, 0x0000000744800000|  0%| F|  |TAMS 0x0000000744700000, 0x0000000744700000| Untracked 
|  72|0x0000000744800000, 0x0000000744800000, 0x0000000744900000|  0%| F|  |TAMS 0x0000000744800000, 0x0000000744800000| Untracked 
|  73|0x0000000744900000, 0x0000000744900000, 0x0000000744a00000|  0%| F|  |TAMS 0x0000000744900000, 0x0000000744900000| Untracked 
|  74|0x0000000744a00000, 0x0000000744a00000, 0x0000000744b00000|  0%| F|  |TAMS 0x0000000744a00000, 0x0000000744a00000| Untracked 
|  75|0x0000000744b00000, 0x0000000744b00000, 0x0000000744c00000|  0%| F|  |TAMS 0x0000000744b00000, 0x0000000744b00000| Untracked 
|  76|0x0000000744c00000, 0x0000000744c00000, 0x0000000744d00000|  0%| F|  |TAMS 0x0000000744c00000, 0x0000000744c00000| Untracked 
|  77|0x0000000744d00000, 0x0000000744d00000, 0x0000000744e00000|  0%| F|  |TAMS 0x0000000744d00000, 0x0000000744d00000| Untracked 
|  78|0x0000000744e00000, 0x0000000744e00000, 0x0000000744f00000|  0%| F|  |TAMS 0x0000000744e00000, 0x0000000744e00000| Untracked 
|  79|0x0000000744f00000, 0x0000000744f00000, 0x0000000745000000|  0%| F|  |TAMS 0x0000000744f00000, 0x0000000744f00000| Untracked 
|  80|0x0000000745000000, 0x0000000745000000, 0x0000000745100000|  0%| F|  |TAMS 0x0000000745000000, 0x0000000745000000| Untracked 
|  81|0x0000000745100000, 0x0000000745100000, 0x0000000745200000|  0%| F|  |TAMS 0x0000000745100000, 0x0000000745100000| Untracked 
|  82|0x0000000745200000, 0x0000000745200000, 0x0000000745300000|  0%| F|  |TAMS 0x0000000745200000, 0x0000000745200000| Untracked 
|  83|0x0000000745300000, 0x0000000745300000, 0x0000000745400000|  0%| F|  |TAMS 0x0000000745300000, 0x0000000745300000| Untracked 
|  84|0x0000000745400000, 0x0000000745400000, 0x0000000745500000|  0%| F|  |TAMS 0x0000000745400000, 0x0000000745400000| Untracked 
|  85|0x0000000745500000, 0x0000000745500000, 0x0000000745600000|  0%| F|  |TAMS 0x0000000745500000, 0x0000000745500000| Untracked 
|  86|0x0000000745600000, 0x0000000745600000, 0x0000000745700000|  0%| F|  |TAMS 0x0000000745600000, 0x0000000745600000| Untracked 
|  87|0x0000000745700000, 0x0000000745700000, 0x0000000745800000|  0%| F|  |TAMS 0x0000000745700000, 0x0000000745700000| Untracked 
|  88|0x0000000745800000, 0x0000000745800000, 0x0000000745900000|  0%| F|  |TAMS 0x0000000745800000, 0x0000000745800000| Untracked 
|  89|0x0000000745900000, 0x0000000745900000, 0x0000000745a00000|  0%| F|  |TAMS 0x0000000745900000, 0x0000000745900000| Untracked 
|  90|0x0000000745a00000, 0x0000000745a00000, 0x0000000745b00000|  0%| F|  |TAMS 0x0000000745a00000, 0x0000000745a00000| Untracked 
|  91|0x0000000745b00000, 0x0000000745b00000, 0x0000000745c00000|  0%| F|  |TAMS 0x0000000745b00000, 0x0000000745b00000| Untracked 
|  92|0x0000000745c00000, 0x0000000745c00000, 0x0000000745d00000|  0%| F|  |TAMS 0x0000000745c00000, 0x0000000745c00000| Untracked 
|  93|0x0000000745d00000, 0x0000000745d00000, 0x0000000745e00000|  0%| F|  |TAMS 0x0000000745d00000, 0x0000000745d00000| Untracked 
|  94|0x0000000745e00000, 0x0000000745e00000, 0x0000000745f00000|  0%| F|  |TAMS 0x0000000745e00000, 0x0000000745e00000| Untracked 
|  95|0x0000000745f00000, 0x0000000745f00000, 0x0000000746000000|  0%| F|  |TAMS 0x0000000745f00000, 0x0000000745f00000| Untracked 
|  96|0x0000000746000000, 0x0000000746000000, 0x0000000746100000|  0%| F|  |TAMS 0x0000000746000000, 0x0000000746000000| Untracked 
|  97|0x0000000746100000, 0x0000000746100000, 0x0000000746200000|  0%| F|  |TAMS 0x0000000746100000, 0x0000000746100000| Untracked 
|  98|0x0000000746200000, 0x0000000746200000, 0x0000000746300000|  0%| F|  |TAMS 0x0000000746200000, 0x0000000746200000| Untracked 
|  99|0x0000000746300000, 0x0000000746300000, 0x0000000746400000|  0%| F|  |TAMS 0x0000000746300000, 0x0000000746300000| Untracked 
| 100|0x0000000746400000, 0x0000000746400000, 0x0000000746500000|  0%| F|  |TAMS 0x0000000746400000, 0x0000000746400000| Untracked 
| 101|0x0000000746500000, 0x0000000746500000, 0x0000000746600000|  0%| F|  |TAMS 0x0000000746500000, 0x0000000746500000| Untracked 
| 102|0x0000000746600000, 0x0000000746600000, 0x0000000746700000|  0%| F|  |TAMS 0x0000000746600000, 0x0000000746600000| Untracked 
| 103|0x0000000746700000, 0x0000000746700000, 0x0000000746800000|  0%| F|  |TAMS 0x0000000746700000, 0x0000000746700000| Untracked 
| 104|0x0000000746800000, 0x0000000746900000, 0x0000000746900000|100%| S|CS|TAMS 0x0000000746800000, 0x0000000746800000| Complete 
| 105|0x0000000746900000, 0x0000000746a00000, 0x0000000746a00000|100%| S|CS|TAMS 0x0000000746900000, 0x0000000746900000| Complete 
| 106|0x0000000746a00000, 0x0000000746b00000, 0x0000000746b00000|100%| S|CS|TAMS 0x0000000746a00000, 0x0000000746a00000| Complete 
| 107|0x0000000746b00000, 0x0000000746c00000, 0x0000000746c00000|100%| S|CS|TAMS 0x0000000746b00000, 0x0000000746b00000| Complete 
| 108|0x0000000746c00000, 0x0000000746d00000, 0x0000000746d00000|100%| S|CS|TAMS 0x0000000746c00000, 0x0000000746c00000| Complete 
| 109|0x0000000746d00000, 0x0000000746e00000, 0x0000000746e00000|100%| S|CS|TAMS 0x0000000746d00000, 0x0000000746d00000| Complete 
| 110|0x0000000746e00000, 0x0000000746e00000, 0x0000000746f00000|  0%| F|  |TAMS 0x0000000746e00000, 0x0000000746e00000| Untracked 
| 111|0x0000000746f00000, 0x0000000746f00000, 0x0000000747000000|  0%| F|  |TAMS 0x0000000746f00000, 0x0000000746f00000| Untracked 
| 112|0x0000000747000000, 0x0000000747000000, 0x0000000747100000|  0%| F|  |TAMS 0x0000000747000000, 0x0000000747000000| Untracked 
| 113|0x0000000747100000, 0x0000000747100000, 0x0000000747200000|  0%| F|  |TAMS 0x0000000747100000, 0x0000000747100000| Untracked 
| 114|0x0000000747200000, 0x0000000747200000, 0x0000000747300000|  0%| F|  |TAMS 0x0000000747200000, 0x0000000747200000| Untracked 
| 115|0x0000000747300000, 0x0000000747300000, 0x0000000747400000|  0%| F|  |TAMS 0x0000000747300000, 0x0000000747300000| Untracked 
| 116|0x0000000747400000, 0x0000000747400000, 0x0000000747500000|  0%| F|  |TAMS 0x0000000747400000, 0x0000000747400000| Untracked 
| 117|0x0000000747500000, 0x0000000747500000, 0x0000000747600000|  0%| F|  |TAMS 0x0000000747500000, 0x0000000747500000| Untracked 
| 118|0x0000000747600000, 0x0000000747600000, 0x0000000747700000|  0%| F|  |TAMS 0x0000000747600000, 0x0000000747600000| Untracked 
| 119|0x0000000747700000, 0x0000000747700000, 0x0000000747800000|  0%| F|  |TAMS 0x0000000747700000, 0x0000000747700000| Untracked 
| 120|0x0000000747800000, 0x0000000747800000, 0x0000000747900000|  0%| F|  |TAMS 0x0000000747800000, 0x0000000747800000| Untracked 
| 121|0x0000000747900000, 0x0000000747900000, 0x0000000747a00000|  0%| F|  |TAMS 0x0000000747900000, 0x0000000747900000| Untracked 
| 122|0x0000000747a00000, 0x0000000747a00000, 0x0000000747b00000|  0%| F|  |TAMS 0x0000000747a00000, 0x0000000747a00000| Untracked 
| 123|0x0000000747b00000, 0x0000000747b00000, 0x0000000747c00000|  0%| F|  |TAMS 0x0000000747b00000, 0x0000000747b00000| Untracked 
| 124|0x0000000747c00000, 0x0000000747c00000, 0x0000000747d00000|  0%| F|  |TAMS 0x0000000747c00000, 0x0000000747c00000| Untracked 
| 125|0x0000000747d00000, 0x0000000747d00000, 0x0000000747e00000|  0%| F|  |TAMS 0x0000000747d00000, 0x0000000747d00000| Untracked 
| 126|0x0000000747e00000, 0x0000000747e00000, 0x0000000747f00000|  0%| F|  |TAMS 0x0000000747e00000, 0x0000000747e00000| Untracked 
| 127|0x0000000747f00000, 0x0000000747f00000, 0x0000000748000000|  0%| F|  |TAMS 0x0000000747f00000, 0x0000000747f00000| Untracked 
| 128|0x0000000748000000, 0x0000000748000000, 0x0000000748100000|  0%| F|  |TAMS 0x0000000748000000, 0x0000000748000000| Untracked 
| 129|0x0000000748100000, 0x0000000748100000, 0x0000000748200000|  0%| F|  |TAMS 0x0000000748100000, 0x0000000748100000| Untracked 
| 130|0x0000000748200000, 0x0000000748200000, 0x0000000748300000|  0%| F|  |TAMS 0x0000000748200000, 0x0000000748200000| Untracked 
| 131|0x0000000748300000, 0x0000000748300000, 0x0000000748400000|  0%| F|  |TAMS 0x0000000748300000, 0x0000000748300000| Untracked 
| 132|0x0000000748400000, 0x0000000748400000, 0x0000000748500000|  0%| F|  |TAMS 0x0000000748400000, 0x0000000748400000| Untracked 
| 133|0x0000000748500000, 0x0000000748500000, 0x0000000748600000|  0%| F|  |TAMS 0x0000000748500000, 0x0000000748500000| Untracked 
| 134|0x0000000748600000, 0x0000000748600000, 0x0000000748700000|  0%| F|  |TAMS 0x0000000748600000, 0x0000000748600000| Untracked 
| 135|0x0000000748700000, 0x0000000748700000, 0x0000000748800000|  0%| F|  |TAMS 0x0000000748700000, 0x0000000748700000| Untracked 
| 136|0x0000000748800000, 0x0000000748800000, 0x0000000748900000|  0%| F|  |TAMS 0x0000000748800000, 0x0000000748800000| Untracked 
| 137|0x0000000748900000, 0x0000000748900000, 0x0000000748a00000|  0%| F|  |TAMS 0x0000000748900000, 0x0000000748900000| Untracked 
| 138|0x0000000748a00000, 0x0000000748a00000, 0x0000000748b00000|  0%| F|  |TAMS 0x0000000748a00000, 0x0000000748a00000| Untracked 
| 139|0x0000000748b00000, 0x0000000748b00000, 0x0000000748c00000|  0%| F|  |TAMS 0x0000000748b00000, 0x0000000748b00000| Untracked 
| 140|0x0000000748c00000, 0x0000000748c00000, 0x0000000748d00000|  0%| F|  |TAMS 0x0000000748c00000, 0x0000000748c00000| Untracked 
| 141|0x0000000748d00000, 0x0000000748d00000, 0x0000000748e00000|  0%| F|  |TAMS 0x0000000748d00000, 0x0000000748d00000| Untracked 
| 142|0x0000000748e00000, 0x0000000748e00000, 0x0000000748f00000|  0%| F|  |TAMS 0x0000000748e00000, 0x0000000748e00000| Untracked 
| 143|0x0000000748f00000, 0x0000000748f00000, 0x0000000749000000|  0%| F|  |TAMS 0x0000000748f00000, 0x0000000748f00000| Untracked 
| 144|0x0000000749000000, 0x0000000749000000, 0x0000000749100000|  0%| F|  |TAMS 0x0000000749000000, 0x0000000749000000| Untracked 
| 145|0x0000000749100000, 0x0000000749100000, 0x0000000749200000|  0%| F|  |TAMS 0x0000000749100000, 0x0000000749100000| Untracked 
| 146|0x0000000749200000, 0x0000000749200000, 0x0000000749300000|  0%| F|  |TAMS 0x0000000749200000, 0x0000000749200000| Untracked 
| 147|0x0000000749300000, 0x0000000749300000, 0x0000000749400000|  0%| F|  |TAMS 0x0000000749300000, 0x0000000749300000| Untracked 
| 148|0x0000000749400000, 0x0000000749400000, 0x0000000749500000|  0%| F|  |TAMS 0x0000000749400000, 0x0000000749400000| Untracked 
| 149|0x0000000749500000, 0x0000000749500000, 0x0000000749600000|  0%| F|  |TAMS 0x0000000749500000, 0x0000000749500000| Untracked 
| 150|0x0000000749600000, 0x0000000749600000, 0x0000000749700000|  0%| F|  |TAMS 0x0000000749600000, 0x0000000749600000| Untracked 
| 151|0x0000000749700000, 0x0000000749700000, 0x0000000749800000|  0%| F|  |TAMS 0x0000000749700000, 0x0000000749700000| Untracked 
| 152|0x0000000749800000, 0x0000000749800000, 0x0000000749900000|  0%| F|  |TAMS 0x0000000749800000, 0x0000000749800000| Untracked 
| 153|0x0000000749900000, 0x0000000749900000, 0x0000000749a00000|  0%| F|  |TAMS 0x0000000749900000, 0x0000000749900000| Untracked 
| 154|0x0000000749a00000, 0x0000000749a00000, 0x0000000749b00000|  0%| F|  |TAMS 0x0000000749a00000, 0x0000000749a00000| Untracked 
| 155|0x0000000749b00000, 0x0000000749b00000, 0x0000000749c00000|  0%| F|  |TAMS 0x0000000749b00000, 0x0000000749b00000| Untracked 
| 156|0x0000000749c00000, 0x0000000749c00000, 0x0000000749d00000|  0%| F|  |TAMS 0x0000000749c00000, 0x0000000749c00000| Untracked 
| 157|0x0000000749d00000, 0x0000000749d00000, 0x0000000749e00000|  0%| F|  |TAMS 0x0000000749d00000, 0x0000000749d00000| Untracked 
| 158|0x0000000749e00000, 0x0000000749e00000, 0x0000000749f00000|  0%| F|  |TAMS 0x0000000749e00000, 0x0000000749e00000| Untracked 
| 159|0x0000000749f00000, 0x0000000749f00000, 0x000000074a000000|  0%| F|  |TAMS 0x0000000749f00000, 0x0000000749f00000| Untracked 
| 160|0x000000074a000000, 0x000000074a000000, 0x000000074a100000|  0%| F|  |TAMS 0x000000074a000000, 0x000000074a000000| Untracked 
| 161|0x000000074a100000, 0x000000074a100000, 0x000000074a200000|  0%| F|  |TAMS 0x000000074a100000, 0x000000074a100000| Untracked 
| 162|0x000000074a200000, 0x000000074a200000, 0x000000074a300000|  0%| F|  |TAMS 0x000000074a200000, 0x000000074a200000| Untracked 
| 163|0x000000074a300000, 0x000000074a300000, 0x000000074a400000|  0%| F|  |TAMS 0x000000074a300000, 0x000000074a300000| Untracked 
| 164|0x000000074a400000, 0x000000074a400000, 0x000000074a500000|  0%| F|  |TAMS 0x000000074a400000, 0x000000074a400000| Untracked 
| 165|0x000000074a500000, 0x000000074a500000, 0x000000074a600000|  0%| F|  |TAMS 0x000000074a500000, 0x000000074a500000| Untracked 
| 166|0x000000074a600000, 0x000000074a600000, 0x000000074a700000|  0%| F|  |TAMS 0x000000074a600000, 0x000000074a600000| Untracked 
| 167|0x000000074a700000, 0x000000074a700000, 0x000000074a800000|  0%| F|  |TAMS 0x000000074a700000, 0x000000074a700000| Untracked 
| 168|0x000000074a800000, 0x000000074a800000, 0x000000074a900000|  0%| F|  |TAMS 0x000000074a800000, 0x000000074a800000| Untracked 
| 169|0x000000074a900000, 0x000000074a900000, 0x000000074aa00000|  0%| F|  |TAMS 0x000000074a900000, 0x000000074a900000| Untracked 
| 170|0x000000074aa00000, 0x000000074aa00000, 0x000000074ab00000|  0%| F|  |TAMS 0x000000074aa00000, 0x000000074aa00000| Untracked 
| 171|0x000000074ab00000, 0x000000074ab00000, 0x000000074ac00000|  0%| F|  |TAMS 0x000000074ab00000, 0x000000074ab00000| Untracked 
| 172|0x000000074ac00000, 0x000000074ac00000, 0x000000074ad00000|  0%| F|  |TAMS 0x000000074ac00000, 0x000000074ac00000| Untracked 
| 173|0x000000074ad00000, 0x000000074ad00000, 0x000000074ae00000|  0%| F|  |TAMS 0x000000074ad00000, 0x000000074ad00000| Untracked 
| 174|0x000000074ae00000, 0x000000074ae00000, 0x000000074af00000|  0%| F|  |TAMS 0x000000074ae00000, 0x000000074ae00000| Untracked 
| 175|0x000000074af00000, 0x000000074af00000, 0x000000074b000000|  0%| F|  |TAMS 0x000000074af00000, 0x000000074af00000| Untracked 
| 176|0x000000074b000000, 0x000000074b000000, 0x000000074b100000|  0%| F|  |TAMS 0x000000074b000000, 0x000000074b000000| Untracked 
| 177|0x000000074b100000, 0x000000074b100000, 0x000000074b200000|  0%| F|  |TAMS 0x000000074b100000, 0x000000074b100000| Untracked 
| 178|0x000000074b200000, 0x000000074b200000, 0x000000074b300000|  0%| F|  |TAMS 0x000000074b200000, 0x000000074b200000| Untracked 
| 179|0x000000074b300000, 0x000000074b300000, 0x000000074b400000|  0%| F|  |TAMS 0x000000074b300000, 0x000000074b300000| Untracked 
| 180|0x000000074b400000, 0x000000074b400000, 0x000000074b500000|  0%| F|  |TAMS 0x000000074b400000, 0x000000074b400000| Untracked 
| 181|0x000000074b500000, 0x000000074b500000, 0x000000074b600000|  0%| F|  |TAMS 0x000000074b500000, 0x000000074b500000| Untracked 
| 182|0x000000074b600000, 0x000000074b600000, 0x000000074b700000|  0%| F|  |TAMS 0x000000074b600000, 0x000000074b600000| Untracked 
| 183|0x000000074b700000, 0x000000074b700000, 0x000000074b800000|  0%| F|  |TAMS 0x000000074b700000, 0x000000074b700000| Untracked 
| 184|0x000000074b800000, 0x000000074b800000, 0x000000074b900000|  0%| F|  |TAMS 0x000000074b800000, 0x000000074b800000| Untracked 
| 185|0x000000074b900000, 0x000000074b900000, 0x000000074ba00000|  0%| F|  |TAMS 0x000000074b900000, 0x000000074b900000| Untracked 
| 186|0x000000074ba00000, 0x000000074ba00000, 0x000000074bb00000|  0%| F|  |TAMS 0x000000074ba00000, 0x000000074ba00000| Untracked 
| 187|0x000000074bb00000, 0x000000074bb00000, 0x000000074bc00000|  0%| F|  |TAMS 0x000000074bb00000, 0x000000074bb00000| Untracked 
| 188|0x000000074bc00000, 0x000000074bc00000, 0x000000074bd00000|  0%| F|  |TAMS 0x000000074bc00000, 0x000000074bc00000| Untracked 
| 189|0x000000074bd00000, 0x000000074bd00000, 0x000000074be00000|  0%| F|  |TAMS 0x000000074bd00000, 0x000000074bd00000| Untracked 
| 190|0x000000074be00000, 0x000000074be00000, 0x000000074bf00000|  0%| F|  |TAMS 0x000000074be00000, 0x000000074be00000| Untracked 
| 191|0x000000074bf00000, 0x000000074bf00000, 0x000000074c000000|  0%| F|  |TAMS 0x000000074bf00000, 0x000000074bf00000| Untracked 

Card table byte_map: [0x0000012a68c70000,0x0000012a69270000] _byte_map_base: 0x0000012a65270000

Marking Bits (Prev, Next): (CMBitMap*) 0x0000012a50c88ad0, (CMBitMap*) 0x0000012a50c88a98
 Prev Bits: [0x0000012a6c870000, 0x0000012a6f870000)
 Next Bits: [0x0000012a69870000, 0x0000012a6c870000)

Polling page: 0x0000012a4ebd0000

Metaspace:

Usage:
  Non-class:     28.54 MB capacity,    27.92 MB ( 98%) used,   518.95 KB (  2%) free+waste,   114.06 KB ( <1%) overhead. 
      Class:      3.67 MB capacity,     3.31 MB ( 90%) used,   314.62 KB (  8%) free+waste,    52.94 KB (  1%) overhead. 
       Both:     32.21 MB capacity,    31.23 MB ( 97%) used,   833.56 KB (  3%) free+waste,   167.00 KB ( <1%) overhead. 

Virtual space:
  Non-class space:       30.00 MB reserved,      28.67 MB ( 96%) committed 
      Class space:        1.00 GB reserved,       3.75 MB ( <1%) committed 
             Both:        1.03 GB reserved,      32.42 MB (  3%) committed 

Chunk freelists:
   Non-Class:  5.00 KB
       Class:  0 bytes
        Both:  5.00 KB

MaxMetaspaceSize: 17179869184.00 GB
CompressedClassSpaceSize: 1.00 GB
Initial GC threshold: 20.80 MB
Current GC threshold: 35.08 MB
CDS: off

CodeHeap 'non-profiled nmethods': size=120000Kb used=3135Kb max_used=3135Kb free=116864Kb
 bounds [0x0000012a60e10000, 0x0000012a61120000, 0x0000012a68340000]
CodeHeap 'profiled nmethods': size=120000Kb used=9494Kb max_used=9494Kb free=110505Kb
 bounds [0x0000012a598e0000, 0x0000012a5a230000, 0x0000012a60e10000]
CodeHeap 'non-nmethods': size=5760Kb used=1309Kb max_used=1378Kb free=4450Kb
 bounds [0x0000012a59340000, 0x0000012a595b0000, 0x0000012a598e0000]
 total_blobs=4046 nmethods=3547 adapters=420
 compilation: enabled
              stopped_count=0, restarted_count=0
 full_count=0

Compilation events (20 events):
Event: 22.760 Thread 0x0000012a72ba1000 nmethod 3587 0x0000012a5a221b90 code [0x0000012a5a221e80, 0x0000012a5a222c18]
Event: 22.760 Thread 0x0000012a72ba1000 3588       3       java.lang.ReflectiveOperationException::<init> (6 bytes)
Event: 22.760 Thread 0x0000012a72ba1000 nmethod 3588 0x0000012a5a223110 code [0x0000012a5a2232e0, 0x0000012a5a223488]
Event: 22.760 Thread 0x0000012a72ba1000 3582       3       okhttp3.Headers::<init> (33 bytes)
Event: 22.760 Thread 0x0000012a72ba1000 nmethod 3582 0x0000012a5a223590 code [0x0000012a5a223780, 0x0000012a5a223c98]
Event: 22.760 Thread 0x0000012a72ba1000 3586       1       com.google.common.collect.RegularImmutableMultiset::size (5 bytes)
Event: 22.760 Thread 0x0000012a72ba1000 nmethod 3586 0x0000012a6111f590 code [0x0000012a6111f740, 0x0000012a6111f7f8]
Event: 22.762 Thread 0x0000012a72ba1000 3589       3       okhttp3.Request::header (9 bytes)
Event: 22.762 Thread 0x0000012a72ba1000 nmethod 3589 0x0000012a5a223e10 code [0x0000012a5a223fe0, 0x0000012a5a224188]
Event: 22.763 Thread 0x0000012a72ba1000 3590       1       okio.Timeout::timeoutNanos (5 bytes)
Event: 22.763 Thread 0x0000012a72ba1000 nmethod 3590 0x0000012a6111f890 code [0x0000012a6111fa40, 0x0000012a6111faf8]
Event: 22.763 Thread 0x0000012a72ba1000 3591       1       okio.Timeout::hasDeadline (5 bytes)
Event: 22.763 Thread 0x0000012a72ba1000 nmethod 3591 0x0000012a6111fb90 code [0x0000012a6111fd40, 0x0000012a6111fdf8]
Event: 23.261 Thread 0x0000012a72ba1000 3592       3       java.lang.StringLatin1::compareToCI (108 bytes)
Event: 23.261 Thread 0x0000012a72ba1000 nmethod 3592 0x0000012a5a224290 code [0x0000012a5a224500, 0x0000012a5a224db8]
Event: 23.261 Thread 0x0000012a72ba1000 3593       3       java.util.LinkedHashMap$LinkedEntryIterator::next (5 bytes)
Event: 23.262 Thread 0x0000012a72ba1000 nmethod 3593 0x0000012a5a225210 code [0x0000012a5a2253e0, 0x0000012a5a225568]
Event: 23.262 Thread 0x0000012a72ba1000 3594       3       java.util.LinkedHashMap$LinkedEntryIterator::next (5 bytes)
Event: 23.262 Thread 0x0000012a72ba1000 nmethod 3594 0x0000012a5a225610 code [0x0000012a5a2257c0, 0x0000012a5a2258e8]
Event: 23.262 Thread 0x0000012a72ba1000 3595       3       java.util.BitSet::get (69 bytes)

GC Heap History (9 events):
Event: 1.034 GC heap before
{Heap before GC invocations=0 (full 0):
 garbage-first heap   total 196608K, used 23552K [0x0000000740000000, 0x0000000800000000)
  region size 1024K, 24 young (24576K), 0 survivors (0K)
 Metaspace       used 12997K, capacity 13219K, committed 13312K, reserved 1060864K
  class space    used 1215K, capacity 1279K, committed 1280K, reserved 1048576K
}
Event: 1.040 GC heap after
{Heap after GC invocations=1 (full 0):
 garbage-first heap   total 196608K, used 3784K [0x0000000740000000, 0x0000000800000000)
  region size 1024K, 3 young (3072K), 3 survivors (3072K)
 Metaspace       used 12997K, capacity 13219K, committed 13312K, reserved 1060864K
  class space    used 1215K, capacity 1279K, committed 1280K, reserved 1048576K
}
Event: 2.621 GC heap before
{Heap before GC invocations=1 (full 0):
 garbage-first heap   total 196608K, used 118472K [0x0000000740000000, 0x0000000800000000)
  region size 1024K, 115 young (117760K), 3 survivors (3072K)
 Metaspace       used 20068K, capacity 20422K, committed 20736K, reserved 1069056K
  class space    used 1842K, capacity 1954K, committed 2048K, reserved 1048576K
}
Event: 2.640 GC heap after
{Heap after GC invocations=2 (full 0):
 garbage-first heap   total 196608K, used 17277K [0x0000000740000000, 0x0000000800000000)
  region size 1024K, 15 young (15360K), 15 survivors (15360K)
 Metaspace       used 20068K, capacity 20422K, committed 20736K, reserved 1069056K
  class space    used 1842K, capacity 1954K, committed 2048K, reserved 1048576K
}
Event: 2.794 GC heap before
{Heap before GC invocations=2 (full 0):
 garbage-first heap   total 196608K, used 28541K [0x0000000740000000, 0x0000000800000000)
  region size 1024K, 27 young (27648K), 15 survivors (15360K)
 Metaspace       used 20734K, capacity 21077K, committed 21296K, reserved 1069056K
  class space    used 1943K, capacity 2065K, committed 2176K, reserved 1048576K
}
Event: 2.811 GC heap after
{Heap after GC invocations=3 (full 0):
 garbage-first heap   total 196608K, used 19185K [0x0000000740000000, 0x0000000800000000)
  region size 1024K, 2 young (2048K), 2 survivors (2048K)
 Metaspace       used 20734K, capacity 21077K, committed 21296K, reserved 1069056K
  class space    used 1943K, capacity 2065K, committed 2176K, reserved 1048576K
}
Event: 3.897 GC heap before
{Heap before GC invocations=4 (full 0):
 garbage-first heap   total 196608K, used 79601K [0x0000000740000000, 0x0000000800000000)
  region size 1024K, 61 young (62464K), 2 survivors (2048K)
 Metaspace       used 26672K, capacity 27366K, committed 27568K, reserved 1073152K
  class space    used 2718K, capacity 2988K, committed 3072K, reserved 1048576K
}
Event: 3.907 GC heap after
{Heap after GC invocations=5 (full 0):
 garbage-first heap   total 196608K, used 24489K [0x0000000740000000, 0x0000000800000000)
  region size 1024K, 8 young (8192K), 8 survivors (8192K)
 Metaspace       used 26672K, capacity 27366K, committed 27568K, reserved 1073152K
  class space    used 2718K, capacity 2988K, committed 3072K, reserved 1048576K
}
Event: 23.262 GC heap before
{Heap before GC invocations=5 (full 0):
 garbage-first heap   total 196608K, used 100265K [0x0000000740000000, 0x0000000800000000)
  region size 1024K, 82 young (83968K), 8 survivors (8192K)
 Metaspace       used 31979K, capacity 32980K, committed 33200K, reserved 1079296K
  class space    used 3385K, capacity 3753K, committed 3840K, reserved 1048576K
}

Deoptimization events (20 events):
Event: 23.262 Thread 0x0000012a50c34000 DEOPT PACKING pc=0x0000012a5a20ca44 sp=0x000000106f0fbbd0
Event: 23.262 Thread 0x0000012a50c34000 DEOPT UNPACKING pc=0x0000012a5938a93f sp=0x000000106f0fb0e0 mode 1
Event: 23.262 Thread 0x0000012a50c34000 DEOPT PACKING pc=0x0000012a5a1d2394 sp=0x000000106f0fbca0
Event: 23.262 Thread 0x0000012a50c34000 DEOPT UNPACKING pc=0x0000012a5938a93f sp=0x000000106f0fb210 mode 1
Event: 23.262 Thread 0x0000012a50c34000 DEOPT PACKING pc=0x0000012a5a20ca44 sp=0x000000106f0fbd50
Event: 23.262 Thread 0x0000012a50c34000 DEOPT UNPACKING pc=0x0000012a5938a93f sp=0x000000106f0fb260 mode 1
Event: 23.262 Thread 0x0000012a50c34000 DEOPT PACKING pc=0x0000012a5a1d2394 sp=0x000000106f0fbe20
Event: 23.262 Thread 0x0000012a50c34000 DEOPT UNPACKING pc=0x0000012a5938a93f sp=0x000000106f0fb390 mode 1
Event: 23.262 Thread 0x0000012a50c34000 DEOPT PACKING pc=0x0000012a5a20ca44 sp=0x000000106f0fbcd0
Event: 23.262 Thread 0x0000012a50c34000 DEOPT UNPACKING pc=0x0000012a5938a93f sp=0x000000106f0fb1e0 mode 1
Event: 23.262 Thread 0x0000012a50c34000 DEOPT PACKING pc=0x0000012a5a1d2394 sp=0x000000106f0fbda0
Event: 23.262 Thread 0x0000012a50c34000 DEOPT UNPACKING pc=0x0000012a5938a93f sp=0x000000106f0fb310 mode 1
Event: 23.262 Thread 0x0000012a50c34000 DEOPT PACKING pc=0x0000012a5a20ca44 sp=0x000000106f0fbc50
Event: 23.262 Thread 0x0000012a50c34000 DEOPT UNPACKING pc=0x0000012a5938a93f sp=0x000000106f0fb160 mode 1
Event: 23.262 Thread 0x0000012a50c34000 DEOPT PACKING pc=0x0000012a5a1d2394 sp=0x000000106f0fbd20
Event: 23.262 Thread 0x0000012a50c34000 DEOPT UNPACKING pc=0x0000012a5938a93f sp=0x000000106f0fb290 mode 1
Event: 23.262 Thread 0x0000012a50c34000 DEOPT PACKING pc=0x0000012a5a20ca44 sp=0x000000106f0fbbd0
Event: 23.262 Thread 0x0000012a50c34000 DEOPT UNPACKING pc=0x0000012a5938a93f sp=0x000000106f0fb0e0 mode 1
Event: 23.262 Thread 0x0000012a50c34000 DEOPT PACKING pc=0x0000012a5a1d2394 sp=0x000000106f0fbca0
Event: 23.262 Thread 0x0000012a50c34000 DEOPT UNPACKING pc=0x0000012a5938a93f sp=0x000000106f0fb210 mode 1

Classes redefined (0 events):
No events

Internal exceptions (20 events):
Event: 11.510 Thread 0x0000012a50c34000 Exception <a 'java/net/SocketTimeoutException'{0x0000000746f07e58}: Read timed out> (0x0000000746f07e58) thrown at [./src/hotspot/share/prims/jni.cpp, line 636]
Event: 11.540 Thread 0x0000012a50c34000 Exception <a 'java/net/SocketTimeoutException'{0x0000000746f1f598}: Read timed out> (0x0000000746f1f598) thrown at [./src/hotspot/share/prims/jni.cpp, line 636]
Event: 11.571 Thread 0x0000012a50c34000 Exception <a 'java/net/SocketTimeoutException'{0x0000000746f39248}: Read timed out> (0x0000000746f39248) thrown at [./src/hotspot/share/prims/jni.cpp, line 636]
Event: 11.932 Thread 0x0000012a50c34000 Exception <a 'java/net/SocketTimeoutException'{0x0000000746f4ef08}: Read timed out> (0x0000000746f4ef08) thrown at [./src/hotspot/share/prims/jni.cpp, line 636]
Event: 11.948 Thread 0x0000012a50c34000 Exception <a 'java/net/SocketTimeoutException'{0x0000000746f634c8}: Read timed out> (0x0000000746f634c8) thrown at [./src/hotspot/share/prims/jni.cpp, line 636]
Event: 11.980 Thread 0x0000012a50c34000 Exception <a 'java/net/SocketTimeoutException'{0x0000000746f7d4c8}: Read timed out> (0x0000000746f7d4c8) thrown at [./src/hotspot/share/prims/jni.cpp, line 636]
Event: 15.508 Thread 0x0000012a50c34000 Exception <a 'java/net/SocketTimeoutException'{0x0000000746f9c768}: Read timed out> (0x0000000746f9c768) thrown at [./src/hotspot/share/prims/jni.cpp, line 636]
Event: 15.538 Thread 0x0000012a50c34000 Exception <a 'java/net/SocketTimeoutException'{0x0000000746fb67a8}: Read timed out> (0x0000000746fb67a8) thrown at [./src/hotspot/share/prims/jni.cpp, line 636]
Event: 20.116 Thread 0x0000012a50c34000 Exception <a 'java/net/SocketTimeoutException'{0x0000000746fd96a0}: Read timed out> (0x0000000746fd96a0) thrown at [./src/hotspot/share/prims/jni.cpp, line 636]
Event: 20.147 Thread 0x0000012a50c34000 Exception <a 'java/net/SocketTimeoutException'{0x0000000746fef628}: Read timed out> (0x0000000746fef628) thrown at [./src/hotspot/share/prims/jni.cpp, line 636]
Event: 20.163 Thread 0x0000012a50c34000 Exception <a 'java/net/SocketTimeoutException'{0x0000000746e060e0}: Read timed out> (0x0000000746e060e0) thrown at [./src/hotspot/share/prims/jni.cpp, line 636]
Event: 20.194 Thread 0x0000012a50c34000 Exception <a 'java/net/SocketTimeoutException'{0x0000000746e1c640}: Read timed out> (0x0000000746e1c640) thrown at [./src/hotspot/share/prims/jni.cpp, line 636]
Event: 20.225 Thread 0x0000012a50c34000 Exception <a 'java/net/SocketTimeoutException'{0x0000000746e33238}: Read timed out> (0x0000000746e33238) thrown at [./src/hotspot/share/prims/jni.cpp, line 636]
Event: 20.241 Thread 0x0000012a50c34000 Exception <a 'java/net/SocketTimeoutException'{0x0000000746e49f20}: Read timed out> (0x0000000746e49f20) thrown at [./src/hotspot/share/prims/jni.cpp, line 636]
Event: 20.256 Thread 0x0000012a50c34000 Exception <a 'java/net/SocketTimeoutException'{0x0000000746e63d08}: Read timed out> (0x0000000746e63d08) thrown at [./src/hotspot/share/prims/jni.cpp, line 636]
Event: 20.367 Thread 0x0000012a50c34000 Exception <a 'java/net/SocketTimeoutException'{0x0000000746e93188}: Read timed out> (0x0000000746e93188) thrown at [./src/hotspot/share/prims/jni.cpp, line 636]
Event: 21.333 Thread 0x0000012a50c34000 Exception <a 'java/net/SocketTimeoutException'{0x0000000746eaa020}: Read timed out> (0x0000000746eaa020) thrown at [./src/hotspot/share/prims/jni.cpp, line 636]
Event: 21.584 Thread 0x0000012a50c34000 Exception <a 'java/net/SocketTimeoutException'{0x0000000746ec4d40}: Read timed out> (0x0000000746ec4d40) thrown at [./src/hotspot/share/prims/jni.cpp, line 636]
Event: 22.523 Thread 0x0000012a50c34000 Exception <a 'java/net/SocketTimeoutException'{0x0000000746edb9f8}: Read timed out> (0x0000000746edb9f8) thrown at [./src/hotspot/share/prims/jni.cpp, line 636]
Event: 22.762 Thread 0x0000012a50c34000 Exception <a 'java/net/SocketTimeoutException'{0x0000000746ef26b0}: Read timed out> (0x0000000746ef26b0) thrown at [./src/hotspot/share/prims/jni.cpp, line 636]

Events (20 events):
Event: 8.212 loading class com/google/common/collect/Lists$StringAsImmutableList done
Event: 8.214 loading class org/openqa/selenium/remote/RemoteWebDriver$RemoteTargetLocator
Event: 8.214 loading class org/openqa/selenium/remote/RemoteWebDriver$RemoteTargetLocator done
Event: 8.216 loading class org/openqa/selenium/Alert
Event: 8.216 loading class org/openqa/selenium/Alert done
Event: 9.647 Executing VM operation: RevokeBias
Event: 9.647 Executing VM operation: RevokeBias done
Event: 9.647 Executing VM operation: RevokeBias
Event: 9.647 Executing VM operation: RevokeBias done
Event: 9.647 Executing VM operation: RevokeBias
Event: 9.647 Executing VM operation: RevokeBias done
Event: 9.647 Thread 0x0000012a79271000 Thread exited: 0x0000012a79271000
Event: 11.486 Thread 0x0000012a72d6b800 Thread exited: 0x0000012a72d6b800
Event: 11.487 loading class pages/YandexComputersSearch
Event: 11.487 loading class pages/YandexComputersSearch done
Event: 15.501 loading class pages/YandexLaptopSearch
Event: 15.501 loading class pages/YandexLaptopSearch done
Event: 20.110 loading class pages/YandexMarketPriceAndModelSearch
Event: 20.110 loading class pages/YandexMarketPriceAndModelSearch done
Event: 23.262 Executing VM operation: G1CollectForAllocation


Dynamic libraries:
0x00007ff6cb8c0000 - 0x00007ff6cb8cd000 	C:\Users\DrONE\.jdks\corretto-11.0.12\bin\java.exe
0x00007ffbd5170000 - 0x00007ffbd5365000 	C:\Windows\SYSTEM32\ntdll.dll
0x00007ffbd31c0000 - 0x00007ffbd327e000 	C:\Windows\System32\KERNEL32.DLL
0x00007ffbd2d70000 - 0x00007ffbd3039000 	C:\Windows\System32\KERNELBASE.dll
0x00000000528b0000 - 0x0000000052943000 	C:\Windows\System32\SYSFER.DLL
0x00007ffbd3040000 - 0x00007ffbd3140000 	C:\Windows\System32\ucrtbase.dll
0x00007ffbcc210000 - 0x00007ffbcc227000 	C:\Users\DrONE\.jdks\corretto-11.0.12\bin\jli.dll
0x00007ffbc7b40000 - 0x00007ffbc7b59000 	C:\Users\DrONE\.jdks\corretto-11.0.12\bin\VCRUNTIME140.dll
0x00007ffbd33d0000 - 0x00007ffbd3571000 	C:\Windows\System32\USER32.dll
0x00007ffbd2940000 - 0x00007ffbd2962000 	C:\Windows\System32\win32u.dll
0x00007ffbc4070000 - 0x00007ffbc430a000 	C:\Windows\WinSxS\amd64_microsoft.windows.common-controls_6595b64144ccf1df_6.0.19041.1110_none_60b5254171f9507e\COMCTL32.dll
0x00007ffbd3b60000 - 0x00007ffbd3b8b000 	C:\Windows\System32\GDI32.dll
0x00007ffbd3830000 - 0x00007ffbd38ce000 	C:\Windows\System32\msvcrt.dll
0x00007ffbd2bc0000 - 0x00007ffbd2ccb000 	C:\Windows\System32\gdi32full.dll
0x00007ffbd2cd0000 - 0x00007ffbd2d6d000 	C:\Windows\System32\msvcp_win.dll
0x00007ffbd3c20000 - 0x00007ffbd3c50000 	C:\Windows\System32\IMM32.DLL
0x00007ffbc12a0000 - 0x00007ffbc133b000 	C:\Users\DrONE\.jdks\corretto-11.0.12\bin\msvcp140.dll
0x00007ffbaeaa0000 - 0x00007ffbaf5fa000 	C:\Users\DrONE\.jdks\corretto-11.0.12\bin\server\jvm.dll
0x00007ffbd3980000 - 0x00007ffbd3a2c000 	C:\Windows\System32\ADVAPI32.dll
0x00007ffbd4670000 - 0x00007ffbd470b000 	C:\Windows\System32\sechost.dll
0x00007ffbd41b0000 - 0x00007ffbd42da000 	C:\Windows\System32\RPCRT4.dll
0x00007ffbd3c50000 - 0x00007ffbd3c58000 	C:\Windows\System32\PSAPI.DLL
0x00007ffbcace0000 - 0x00007ffbcace9000 	C:\Windows\SYSTEM32\WSOCK32.dll
0x00007ffbd3280000 - 0x00007ffbd32eb000 	C:\Windows\System32\WS2_32.dll
0x00007ffbc46f0000 - 0x00007ffbc4717000 	C:\Windows\SYSTEM32\WINMM.dll
0x00007ffbc91f0000 - 0x00007ffbc91fa000 	C:\Windows\SYSTEM32\VERSION.dll
0x00007ffbd07b0000 - 0x00007ffbd07c2000 	C:\Windows\SYSTEM32\kernel.appcore.dll
0x00007ffbcffa0000 - 0x00007ffbcffb0000 	C:\Users\DrONE\.jdks\corretto-11.0.12\bin\verify.dll
0x00007ffbc48d0000 - 0x00007ffbc4ab4000 	C:\Windows\SYSTEM32\DBGHELP.DLL
0x00007ffbc4760000 - 0x00007ffbc478c000 	C:\Windows\SYSTEM32\dbgcore.DLL
0x00007ffbd2b30000 - 0x00007ffbd2bb3000 	C:\Windows\System32\bcryptPrimitives.dll
0x00007ffbc7b10000 - 0x00007ffbc7b38000 	C:\Users\DrONE\.jdks\corretto-11.0.12\bin\java.dll
0x00007ffbc7b00000 - 0x00007ffbc7b0a000 	C:\Users\DrONE\.jdks\corretto-11.0.12\bin\jimage.dll
0x00007ffbc3dc0000 - 0x00007ffbc3df8000 	C:\Users\DrONE\.jdks\corretto-11.0.12\bin\jdwp.dll
0x00007ffbc7a10000 - 0x00007ffbc7a1e000 	C:\Users\DrONE\.jdks\corretto-11.0.12\bin\instrument.dll
0x00007ffbc7a30000 - 0x00007ffbc7a47000 	C:\Users\DrONE\.jdks\corretto-11.0.12\bin\zip.dll
0x00007ffbd4710000 - 0x00007ffbd4e4f000 	C:\Windows\System32\SHELL32.dll
0x00007ffbd09b0000 - 0x00007ffbd1140000 	C:\Windows\SYSTEM32\windows.storage.dll
0x00007ffbd4310000 - 0x00007ffbd4665000 	C:\Windows\System32\combase.dll
0x00007ffbd22e0000 - 0x00007ffbd230c000 	C:\Windows\SYSTEM32\Wldp.dll
0x00007ffbd38d0000 - 0x00007ffbd397e000 	C:\Windows\System32\SHCORE.dll
0x00007ffbd5010000 - 0x00007ffbd5065000 	C:\Windows\System32\shlwapi.dll
0x00007ffbd27d0000 - 0x00007ffbd27ef000 	C:\Windows\SYSTEM32\profapi.dll
0x00007ffbc78d0000 - 0x00007ffbc78da000 	C:\Users\DrONE\.jdks\corretto-11.0.12\bin\dt_socket.dll
0x00007ffbd2040000 - 0x00007ffbd20aa000 	C:\Windows\system32\mswsock.dll
0x00007ffbc78e0000 - 0x00007ffbc78f9000 	C:\Users\DrONE\.jdks\corretto-11.0.12\bin\net.dll
0x00007ffbc90b0000 - 0x00007ffbc91b8000 	C:\Windows\SYSTEM32\WINHTTP.dll
0x00007ffbc3e50000 - 0x00007ffbc3e62000 	C:\Users\DrONE\.jdks\corretto-11.0.12\bin\nio.dll
0x00007ffbd2230000 - 0x00007ffbd2248000 	C:\Windows\SYSTEM32\CRYPTSP.dll
0x00007ffbd1950000 - 0x00007ffbd1984000 	C:\Windows\system32\rsaenh.dll
0x00007ffbd3190000 - 0x00007ffbd31b7000 	C:\Windows\System32\bcrypt.dll
0x00007ffbd2790000 - 0x00007ffbd27be000 	C:\Windows\SYSTEM32\USERENV.dll
0x00007ffbd2250000 - 0x00007ffbd225c000 	C:\Windows\SYSTEM32\CRYPTBASE.dll
0x00007ffbd1ce0000 - 0x00007ffbd1d1b000 	C:\Windows\SYSTEM32\IPHLPAPI.DLL
0x00007ffbd42e0000 - 0x00007ffbd42e8000 	C:\Windows\System32\NSI.dll
0x00007ffbcade0000 - 0x00007ffbcadf7000 	C:\Windows\SYSTEM32\dhcpcsvc6.DLL
0x00007ffbcab90000 - 0x00007ffbcabad000 	C:\Windows\SYSTEM32\dhcpcsvc.DLL
0x00007ffbd1d30000 - 0x00007ffbd1dfc000 	C:\Windows\SYSTEM32\DNSAPI.dll
0x00007ffbc4660000 - 0x00007ffbc4677000 	C:\Windows\system32\napinsp.dll
0x00007ffbc4310000 - 0x00007ffbc432b000 	C:\Windows\system32\pnrpnsp.dll
0x00007ffbc4740000 - 0x00007ffbc4755000 	C:\Windows\system32\wshbth.dll
0x00007ffbce2a0000 - 0x00007ffbce2bd000 	C:\Windows\system32\NLAapi.dll
0x00007ffbc4720000 - 0x00007ffbc4732000 	C:\Windows\System32\winrnr.dll
0x00007ffbc8f80000 - 0x00007ffbc8f8a000 	C:\Windows\System32\rasadhlp.dll
0x00007ffbc8ea0000 - 0x00007ffbc8f1f000 	C:\Windows\System32\fwpuclnt.dll
0x00007ffbc3e40000 - 0x00007ffbc3e49000 	C:\Users\DrONE\.jdks\corretto-11.0.12\bin\management.dll
0x00007ffbc3e30000 - 0x00007ffbc3e3b000 	C:\Users\DrONE\.jdks\corretto-11.0.12\bin\management_ext.dll
0x00007ffbc3d60000 - 0x00007ffbc3d6e000 	C:\Users\DrONE\.jdks\corretto-11.0.12\bin\sunmscapi.dll
0x00007ffbd2970000 - 0x00007ffbd2ac6000 	C:\Windows\System32\CRYPT32.dll
0x00007ffbd2350000 - 0x00007ffbd2377000 	C:\Windows\SYSTEM32\ncrypt.dll
0x00007ffbd2310000 - 0x00007ffbd234b000 	C:\Windows\SYSTEM32\NTASN1.dll
0x00007ffbbfda0000 - 0x00007ffbbfdc5000 	C:\Users\DrONE\.jdks\corretto-11.0.12\bin\sunec.dll

dbghelp: loaded successfully - version: 4.0.5 - missing functions: none
symbol engine: initialized successfully - sym options: 0x614 - pdb path: .;C:\Users\DrONE\.jdks\corretto-11.0.12\bin;C:\Windows\SYSTEM32;C:\Windows\WinSxS\amd64_microsoft.windows.common-controls_6595b64144ccf1df_6.0.19041.1110_none_60b5254171f9507e;C:\Users\DrONE\.jdks\corretto-11.0.12\bin\server

VM Arguments:
jvm_args: -agentlib:jdwp=transport=dt_socket,address=127.0.0.1:54865,suspend=y,server=n -ea -javaagent:C:\Users\DrONE\.m2\repository/org/aspectj/aspectjweaver/1.9.4/aspectjweaver-1.9.4.jar -Didea.test.cyclic.buffer.size=1048576 -javaagent:C:\Users\DrONE\AppData\Local\JetBrains\IntelliJIdea2020.3\captureAgent\debugger-agent.jar -Dfile.encoding=UTF-8 
java_command: com.intellij.rt.junit.JUnitStarter -ideVersion5 -junit5 ru.bellintegrator.Tests,laptopPO
java_class_path (initial): C:\Program Files\JetBrains\IntelliJ IDEA 2020.3.1\lib\idea_rt.jar;C:\Program Files\JetBrains\IntelliJ IDEA 2020.3.1\plugins\junit\lib\junit5-rt.jar;C:\Program Files\JetBrains\IntelliJ IDEA 2020.3.1\plugins\junit\lib\junit-rt.jar;F:\Internships\Bell integrator Java\QA\Task2\target\test-classes;F:\Internships\Bell integrator Java\QA\Task2\target\classes;C:\Users\DrONE\.m2\repository\org\junit\jupiter\junit-jupiter-api\5.7.0-M1\junit-jupiter-api-5.7.0-M1.jar;C:\Users\DrONE\.m2\repository\org\apiguardian\apiguardian-api\1.1.0\apiguardian-api-1.1.0.jar;C:\Users\DrONE\.m2\repository\org\opentest4j\opentest4j\1.2.0\opentest4j-1.2.0.jar;C:\Users\DrONE\.m2\repository\org\junit\platform\junit-platform-commons\1.7.0-M1\junit-platform-commons-1.7.0-M1.jar;C:\Users\DrONE\.m2\repository\org\junit\jupiter\junit-jupiter-params\5.7.0-M1\junit-jupiter-params-5.7.0-M1.jar;C:\Users\DrONE\.m2\repository\org\junit\jupiter\junit-jupiter-engine\5.7.0-M1\junit-jupiter-engine-5.7.0-M1.jar;C:\Users\DrONE\.m2\repository\org\junit\platform\junit-platform-engine\1.7.0-M1\junit-platform-engine-1.7.0-M1.jar;C:\Users\DrONE\.m2\repository\org\seleniumhq\selenium\selenium-java\3.141.59\selenium-java-3.141.59.jar;C:\Users\DrONE\.m2\repository\org\seleniumhq\selenium\selenium-api\3.141.59\selenium-api-3.141.59.jar;C:\Users\DrONE\.m2\repository\org\seleniumhq\selenium\selenium-chrome-driver\3.141.59\selenium-chrome-driver-3.141.59.jar;C:\Users\DrONE\.m2\repository\org\seleniumhq\selenium\selenium-edge-driver\3.141.59\selenium-edge-driver-3.141.59.jar;C:\Users\DrONE\.m2\repository\org\seleniumhq\selenium\selenium-firefox-driver\3.141.59\selenium-firefox-driver-3.141.59.jar;C:\Users\DrONE\.m2\repository\org\seleniumhq\selenium\selenium-ie-driver\3.141.59\selenium-ie-driver-3.141.59.jar;C:\Users\DrONE\.m2\repository\org\seleniumhq\selenium\selenium-opera-driver\3.141.59\selenium-opera-driver-3.141.59.jar;C:\Users\DrONE\.m2\repository\org\seleniumhq\selenium\selenium-remote-driv
Launcher Type: SUN_STANDARD

[Global flags]
     intx CICompilerCount                          = 4                                         {product} {ergonomic}
     uint ConcGCThreads                            = 2                                         {product} {ergonomic}
     uint G1ConcRefinementThreads                  = 8                                         {product} {ergonomic}
   size_t G1HeapRegionSize                         = 1048576                                   {product} {ergonomic}
    uintx GCDrainStackTargetSize                   = 64                                        {product} {ergonomic}
   size_t InitialHeapSize                          = 201326592                                 {product} {ergonomic}
   size_t MarkStackSize                            = 4194304                                   {product} {ergonomic}
   size_t MaxHeapSize                              = 3221225472                                {product} {ergonomic}
   size_t MaxNewSize                               = 1932525568                                {product} {ergonomic}
   size_t MinHeapDeltaBytes                        = 1048576                                   {product} {ergonomic}
    uintx NonNMethodCodeHeapSize                   = 5836300                                {pd product} {ergonomic}
    uintx NonProfiledCodeHeapSize                  = 122910970                              {pd product} {ergonomic}
    uintx ProfiledCodeHeapSize                     = 122910970                              {pd product} {ergonomic}
    uintx ReservedCodeCacheSize                    = 251658240                              {pd product} {ergonomic}
     bool SegmentedCodeCache                       = true                                      {product} {ergonomic}
     bool UseCompressedClassPointers               = true                                 {lp64_product} {ergonomic}
     bool UseCompressedOops                        = true                                 {lp64_product} {ergonomic}
     bool UseG1GC                                  = true                                      {product} {ergonomic}
     bool UseLargePagesIndividualAllocation        = false                                  {pd product} {ergonomic}

Logging:
Log output configuration:
 #0: stdout all=warning uptime,level,tags
 #1: stderr all=off uptime,level,tags

Environment Variables:
JAVA_HOME=C:\Program Files\Java\jdk-15.0.2
PATH=C:\Program Files\Common Files\Oracle\Java\javapath;C:\ProgramData\Anaconda3;C:\ProgramData\Anaconda3\Library\mingw-w64\bin;C:\ProgramData\Anaconda3\Library\usr\bin;C:\ProgramData\Anaconda3\Library\bin;C:\ProgramData\Anaconda3\Scripts;C:\Program Files\Kerio\Outlook Connector (Offline Edition)\;C:\Windows\system32;C:\Windows;C:\Windows\System32\Wbem;C:\Windows\System32\WindowsPowerShell\v1.0\;C:\Windows\System32\OpenSSH\;C:\Program Files\Java\jdk-15.0.2\bin;C:\Program Files\dotnet\;C:\Users\DrONE\AppData\Local\Microsoft\WindowsApps
USERNAME=DrONE
OS=Windows_NT
PROCESSOR_IDENTIFIER=Intel64 Family 6 Model 26 Stepping 5, GenuineIntel



---------------  S Y S T E M  ---------------

OS: Windows 10 , 64 bit Build 19041 (10.0.19041.1202)
OS uptime: 1 days 16:10 hours

CPU:total 8 (initial active 8) (4 cores per cpu, 2 threads per core) family 6 model 26 stepping 5 microcode 0x1d, cmov, cx8, fxsr, mmx, sse, sse2, sse3, ssse3, sse4.1, sse4.2, popcnt, ht, tsc, tscinvbit, tscinv

Memory: 4k page, system-wide physical 12286M (2112M free)
TotalPageFile size 12286M (AvailPageFile size 40M)
current process WorkingSet (physical memory assigned to process): 253M, peak: 342M
current process commit charge ("private bytes"): 326M, peak: 423M

vm_info: OpenJDK 64-Bit Server VM (11.0.12+7-LTS) for windows-amd64 JRE (11.0.12+7-LTS), built on Jul 13 2021 17:58:36 by "Administrator" with unknown MS VC++:1916

END.
